<?xml version="1.0" encoding="UTF-8"?>
<!-- Generated by org.testng.reporters.JUnitReportReporter -->
<testsuite skipped="0" hostname="idea-PC" name="mukeshScreenShot.MukeshScreenClass" tests="1" failures="0" timestamp="01 Dec 2018 18:45:02 GMT" time="39.565" errors="0">
  <testcase name="captureScreenshot" time="39.565" classname="mukeshScreenShot.MukeshScreenClass"/>
</testsuite> <!-- mukeshScreenShot.MukeshScreenClass -->
